Traceback (most recent call last):
  File "/Users/miguel/.local/share/virtualenvs/RT-Stockdata-dashboard-VndA2rJo/lib/python3.7/site-packages/lockfile/pidlockfile.py", line 77, in acquire
    write_pid_to_pidfile(self.path)
  File "/Users/miguel/.local/share/virtualenvs/RT-Stockdata-dashboard-VndA2rJo/lib/python3.7/site-packages/lockfile/pidlockfile.py", line 161, in write_pid_to_pidfile
    pidfile_fd = os.open(pidfile_path, open_flags, open_mode)
FileNotFoundError: [Errno 2] No such file or directory: './airflow/airflow-webserver-monitor.pid'

During handling of the above exception, another exception occurred:

Traceback (most recent call last):
  File "/Users/miguel/.local/share/virtualenvs/RT-Stockdata-dashboard-VndA2rJo/bin/airflow", line 37, in <module>
    args.func(args)
  File "/Users/miguel/.local/share/virtualenvs/RT-Stockdata-dashboard-VndA2rJo/lib/python3.7/site-packages/airflow/utils/cli.py", line 75, in wrapper
    return f(*args, **kwargs)
  File "/Users/miguel/.local/share/virtualenvs/RT-Stockdata-dashboard-VndA2rJo/lib/python3.7/site-packages/airflow/bin/cli.py", line 976, in webserver
    with ctx:
  File "/Users/miguel/.local/share/virtualenvs/RT-Stockdata-dashboard-VndA2rJo/lib/python3.7/site-packages/daemon/daemon.py", line 397, in __enter__
    self.open()
  File "/Users/miguel/.local/share/virtualenvs/RT-Stockdata-dashboard-VndA2rJo/lib/python3.7/site-packages/daemon/daemon.py", line 389, in open
    self.pidfile.__enter__()
  File "/Users/miguel/.local/share/virtualenvs/RT-Stockdata-dashboard-VndA2rJo/lib/python3.7/site-packages/lockfile/__init__.py", line 197, in __enter__
    self.acquire()
  File "/Users/miguel/.local/share/virtualenvs/RT-Stockdata-dashboard-VndA2rJo/lib/python3.7/site-packages/daemon/pidfile.py", line 60, in acquire
    super(TimeoutPIDLockFile, self).acquire(timeout, *args, **kwargs)
  File "/Users/miguel/.local/share/virtualenvs/RT-Stockdata-dashboard-VndA2rJo/lib/python3.7/site-packages/lockfile/pidlockfile.py", line 91, in acquire
    raise LockFailed("failed to create %s" % self.path)
lockfile.LockFailed: failed to create ./airflow/airflow-webserver-monitor.pid
